
> nest-backend@0.0.1 start:dev
> nest start --watch

[2J[3J[H[[90m9:08:56 PM[0m] Starting compilation in watch mode...

[[90m9:09:03 PM[0m] Found 0 errors. Watching for file changes.

[32m[Nest] 319884  - [39m04/05/2026, 9:09:07 PM [32m    LOG[39m [38;5;3m[NestFactory] [39m[32mStarting Nest application...[39m
[32m[Nest] 319884  - [39m04/05/2026, 9:09:07 PM [32m    LOG[39m [38;5;3m[InstanceLoader] [39m[32mTypeOrmModule dependencies initialized[39m[38;5;3m +38ms[39m
[32m[Nest] 319884  - [39m04/05/2026, 9:09:07 PM [32m    LOG[39m [38;5;3m[InstanceLoader] [39m[32mPassportModule dependencies initialized[39m[38;5;3m +1ms[39m
[32m[Nest] 319884  - [39m04/05/2026, 9:09:07 PM [32m    LOG[39m [38;5;3m[InstanceLoader] [39m[32mJwtModule dependencies initialized[39m[38;5;3m +0ms[39m
[32m[Nest] 319884  - [39m04/05/2026, 9:09:07 PM [32m    LOG[39m [38;5;3m[InstanceLoader] [39m[32mAppModule dependencies initialized[39m[38;5;3m +1ms[39m
[32m[Nest] 319884  - [39m04/05/2026, 9:09:07 PM [32m    LOG[39m [38;5;3m[InstanceLoader] [39m[32mTypeOrmCoreModule dependencies initialized[39m[38;5;3m +55ms[39m
[32m[Nest] 319884  - [39m04/05/2026, 9:09:07 PM [32m    LOG[39m [38;5;3m[InstanceLoader] [39m[32mTypeOrmModule dependencies initialized[39m[38;5;3m +0ms[39m
[32m[Nest] 319884  - [39m04/05/2026, 9:09:07 PM [32m    LOG[39m [38;5;3m[InstanceLoader] [39m[32mTypeOrmModule dependencies initialized[39m[38;5;3m +0ms[39m
[32m[Nest] 319884  - [39m04/05/2026, 9:09:07 PM [32m    LOG[39m [38;5;3m[InstanceLoader] [39m[32mUsersModule dependencies initialized[39m[38;5;3m +1ms[39m
[32m[Nest] 319884  - [39m04/05/2026, 9:09:07 PM [32m    LOG[39m [38;5;3m[InstanceLoader] [39m[32mEmailModule dependencies initialized[39m[38;5;3m +1ms[39m
[32m[Nest] 319884  - [39m04/05/2026, 9:09:07 PM [32m    LOG[39m [38;5;3m[InstanceLoader] [39m[32mAccountsModule dependencies initialized[39m[38;5;3m +1ms[39m
[32m[Nest] 319884  - [39m04/05/2026, 9:09:07 PM [32m    LOG[39m [38;5;3m[InstanceLoader] [39m[32mAuthModule dependencies initialized[39m[38;5;3m +0ms[39m
[32m[Nest] 319884  - [39m04/05/2026, 9:09:07 PM [32m    LOG[39m [38;5;3m[RoutesResolver] [39m[32mAppController {/}:[39m[38;5;3m +6ms[39m
[32m[Nest] 319884  - [39m04/05/2026, 9:09:07 PM [32m    LOG[39m [38;5;3m[RouterExplorer] [39m[32mMapped {/, GET} route[39m[38;5;3m +4ms[39m
[32m[Nest] 319884  - [39m04/05/2026, 9:09:07 PM [32m    LOG[39m [38;5;3m[RoutesResolver] [39m[32mAccountsController {/api/accounts}:[39m[38;5;3m +1ms[39m
[32m[Nest] 319884  - [39m04/05/2026, 9:09:07 PM [32m    LOG[39m [38;5;3m[RouterExplorer] [39m[32mMapped {/api/accounts, GET} route[39m[38;5;3m +1ms[39m
[32m[Nest] 319884  - [39m04/05/2026, 9:09:07 PM [32m    LOG[39m [38;5;3m[RouterExplorer] [39m[32mMapped {/api/accounts/test, POST} route[39m[38;5;3m +0ms[39m
[32m[Nest] 319884  - [39m04/05/2026, 9:09:07 PM [32m    LOG[39m [38;5;3m[RouterExplorer] [39m[32mMapped {/api/accounts, POST} route[39m[38;5;3m +1ms[39m
[32m[Nest] 319884  - [39m04/05/2026, 9:09:07 PM [32m    LOG[39m [38;5;3m[RouterExplorer] [39m[32mMapped {/api/accounts/:id, DELETE} route[39m[38;5;3m +1ms[39m
[32m[Nest] 319884  - [39m04/05/2026, 9:09:07 PM [32m    LOG[39m [38;5;3m[RoutesResolver] [39m[32mEmailController {/api}:[39m[38;5;3m +0ms[39m
[32m[Nest] 319884  - [39m04/05/2026, 9:09:07 PM [32m    LOG[39m [38;5;3m[RouterExplorer] [39m[32mMapped {/api/folders, GET} route[39m[38;5;3m +1ms[39m
[32m[Nest] 319884  - [39m04/05/2026, 9:09:07 PM [32m    LOG[39m [38;5;3m[RouterExplorer] [39m[32mMapped {/api/folders/:folder/status, GET} route[39m[38;5;3m +1ms[39m
[32m[Nest] 319884  - [39m04/05/2026, 9:09:07 PM [32m    LOG[39m [38;5;3m[RouterExplorer] [39m[32mMapped {/api/folders, POST} route[39m[38;5;3m +0ms[39m
[32m[Nest] 319884  - [39m04/05/2026, 9:09:07 PM [32m    LOG[39m [38;5;3m[RouterExplorer] [39m[32mMapped {/api/folders/:folder, DELETE} route[39m[38;5;3m +1ms[39m
[32m[Nest] 319884  - [39m04/05/2026, 9:09:07 PM [32m    LOG[39m [38;5;3m[RouterExplorer] [39m[32mMapped {/api/emails/:folder, GET} route[39m[38;5;3m +1ms[39m
[32m[Nest] 319884  - [39m04/05/2026, 9:09:07 PM [32m    LOG[39m [38;5;3m[RouterExplorer] [39m[32mMapped {/api/email/:folder/:uid, GET} route[39m[38;5;3m +1ms[39m
[32m[Nest] 319884  - [39m04/05/2026, 9:09:07 PM [32m    LOG[39m [38;5;3m[RouterExplorer] [39m[32mMapped {/api/email/:folder/:uid/flag, POST} route[39m[38;5;3m +0ms[39m
[32m[Nest] 319884  - [39m04/05/2026, 9:09:07 PM [32m    LOG[39m [38;5;3m[RouterExplorer] [39m[32mMapped {/api/email/:folder/:uid/move, POST} route[39m[38;5;3m +0ms[39m
[32m[Nest] 319884  - [39m04/05/2026, 9:09:07 PM [32m    LOG[39m [38;5;3m[RouterExplorer] [39m[32mMapped {/api/email/:folder/:uid, DELETE} route[39m[38;5;3m +1ms[39m
[32m[Nest] 319884  - [39m04/05/2026, 9:09:07 PM [32m    LOG[39m [38;5;3m[RouterExplorer] [39m[32mMapped {/api/send, POST} route[39m[38;5;3m +0ms[39m
[32m[Nest] 319884  - [39m04/05/2026, 9:09:07 PM [32m    LOG[39m [38;5;3m[RoutesResolver] [39m[32mAuthController {/api/auth}:[39m[38;5;3m +0ms[39m
[32m[Nest] 319884  - [39m04/05/2026, 9:09:07 PM [32m    LOG[39m [38;5;3m[RouterExplorer] [39m[32mMapped {/api/auth/register, POST} route[39m[38;5;3m +0ms[39m
[32m[Nest] 319884  - [39m04/05/2026, 9:09:07 PM [32m    LOG[39m [38;5;3m[RouterExplorer] [39m[32mMapped {/api/auth/login, POST} route[39m[38;5;3m +1ms[39m
[32m[Nest] 319884  - [39m04/05/2026, 9:09:07 PM [32m    LOG[39m [38;5;3m[RouterExplorer] [39m[32mMapped {/api/auth/2fa/authenticate, POST} route[39m[38;5;3m +0ms[39m
[32m[Nest] 319884  - [39m04/05/2026, 9:09:07 PM [32m    LOG[39m [38;5;3m[RouterExplorer] [39m[32mMapped {/api/auth/2fa/generate, POST} route[39m[38;5;3m +0ms[39m
[32m[Nest] 319884  - [39m04/05/2026, 9:09:07 PM [32m    LOG[39m [38;5;3m[RouterExplorer] [39m[32mMapped {/api/auth/2fa/turn-on, POST} route[39m[38;5;3m +1ms[39m
[32m[Nest] 319884  - [39m04/05/2026, 9:09:07 PM [32m    LOG[39m [38;5;3m[RouterExplorer] [39m[32mMapped {/api/auth/profile, GET} route[39m[38;5;3m +0ms[39m
[32m[Nest] 319884  - [39m04/05/2026, 9:09:07 PM [32m    LOG[39m [38;5;3m[RouterExplorer] [39m[32mMapped {/api/auth/profile/settings, POST} route[39m[38;5;3m +0ms[39m
[32m[Nest] 319884  - [39m04/05/2026, 9:09:07 PM [32m    LOG[39m [38;5;3m[RouterExplorer] [39m[32mMapped {/api/auth/webauthn/register/generate-options, GET} route[39m[38;5;3m +0ms[39m
[32m[Nest] 319884  - [39m04/05/2026, 9:09:07 PM [32m    LOG[39m [38;5;3m[RouterExplorer] [39m[32mMapped {/api/auth/webauthn/register/verify, POST} route[39m[38;5;3m +0ms[39m
[32m[Nest] 319884  - [39m04/05/2026, 9:09:07 PM [32m    LOG[39m [38;5;3m[RouterExplorer] [39m[32mMapped {/api/auth/webauthn/login/generate-options, POST} route[39m[38;5;3m +0ms[39m
[32m[Nest] 319884  - [39m04/05/2026, 9:09:07 PM [32m    LOG[39m [38;5;3m[RouterExplorer] [39m[32mMapped {/api/auth/webauthn/login/verify, POST} route[39m[38;5;3m +1ms[39m
[32m[Nest] 319884  - [39m04/05/2026, 9:09:07 PM [32m    LOG[39m [38;5;3m[NestApplication] [39m[32mNest application successfully started[39m[38;5;3m +4ms[39m
[31m[Nest] 319884  - [39m04/05/2026, 9:09:07 PM [31m  ERROR[39m [38;5;3m[NestApplication] [39m[31mError: listen EADDRINUSE: address already in use :::3300[39m[38;5;3m +4ms[39m
node:net:1940
    const ex = new UVExceptionWithHostPort(err, 'listen', address, port);
               ^

Error: listen EADDRINUSE: address already in use :::3300
    at Server.setupListenHandle [as _listen2] (node:net:1940:16)
    at listenInCluster (node:net:1997:12)
    at Server.listen (node:net:2102:7)
    at ExpressAdapter.listen (/app/nest-backend/node_modules/@nestjs/platform-express/adapters/express-adapter.js:115:32)
    at /app/nest-backend/node_modules/@nestjs/core/nest-application.js:188:30
    at new Promise (<anonymous>)
    at NestApplication.listen (/app/nest-backend/node_modules/@nestjs/core/nest-application.js:178:16)
    at async bootstrap (/app/nest-backend/src/main.ts:10:3) {
  code: 'EADDRINUSE',
  errno: -98,
  syscall: 'listen',
  address: '::',
  port: 3300
}

Node.js v22.22.1
[2J[3J[H[[90m9:23:13 PM[0m] File change detected. Starting incremental compilation...

[[90m9:23:14 PM[0m] Found 0 errors. Watching for file changes.

[32m[Nest] 473570  - [39m04/05/2026, 9:23:16 PM [32m    LOG[39m [38;5;3m[NestFactory] [39m[32mStarting Nest application...[39m
[32m[Nest] 473570  - [39m04/05/2026, 9:23:16 PM [32m    LOG[39m [38;5;3m[InstanceLoader] [39m[32mTypeOrmModule dependencies initialized[39m[38;5;3m +34ms[39m
[32m[Nest] 473570  - [39m04/05/2026, 9:23:16 PM [32m    LOG[39m [38;5;3m[InstanceLoader] [39m[32mPassportModule dependencies initialized[39m[38;5;3m +1ms[39m
[32m[Nest] 473570  - [39m04/05/2026, 9:23:16 PM [32m    LOG[39m [38;5;3m[InstanceLoader] [39m[32mJwtModule dependencies initialized[39m[38;5;3m +0ms[39m
[32m[Nest] 473570  - [39m04/05/2026, 9:23:16 PM [32m    LOG[39m [38;5;3m[InstanceLoader] [39m[32mAppModule dependencies initialized[39m[38;5;3m +1ms[39m
[32m[Nest] 473570  - [39m04/05/2026, 9:23:16 PM [32m    LOG[39m [38;5;3m[InstanceLoader] [39m[32mTypeOrmCoreModule dependencies initialized[39m[38;5;3m +42ms[39m
[32m[Nest] 473570  - [39m04/05/2026, 9:23:16 PM [32m    LOG[39m [38;5;3m[InstanceLoader] [39m[32mTypeOrmModule dependencies initialized[39m[38;5;3m +0ms[39m
[32m[Nest] 473570  - [39m04/05/2026, 9:23:16 PM [32m    LOG[39m [38;5;3m[InstanceLoader] [39m[32mTypeOrmModule dependencies initialized[39m[38;5;3m +0ms[39m
[32m[Nest] 473570  - [39m04/05/2026, 9:23:16 PM [32m    LOG[39m [38;5;3m[InstanceLoader] [39m[32mUsersModule dependencies initialized[39m[38;5;3m +1ms[39m
[32m[Nest] 473570  - [39m04/05/2026, 9:23:16 PM [32m    LOG[39m [38;5;3m[InstanceLoader] [39m[32mEmailModule dependencies initialized[39m[38;5;3m +1ms[39m
[32m[Nest] 473570  - [39m04/05/2026, 9:23:16 PM [32m    LOG[39m [38;5;3m[InstanceLoader] [39m[32mAccountsModule dependencies initialized[39m[38;5;3m +1ms[39m
[32m[Nest] 473570  - [39m04/05/2026, 9:23:16 PM [32m    LOG[39m [38;5;3m[InstanceLoader] [39m[32mAuthModule dependencies initialized[39m[38;5;3m +0ms[39m
[32m[Nest] 473570  - [39m04/05/2026, 9:23:16 PM [32m    LOG[39m [38;5;3m[RoutesResolver] [39m[32mAppController {/}:[39m[38;5;3m +5ms[39m
[32m[Nest] 473570  - [39m04/05/2026, 9:23:16 PM [32m    LOG[39m [38;5;3m[RouterExplorer] [39m[32mMapped {/, GET} route[39m[38;5;3m +4ms[39m
[32m[Nest] 473570  - [39m04/05/2026, 9:23:16 PM [32m    LOG[39m [38;5;3m[RoutesResolver] [39m[32mAccountsController {/api/accounts}:[39m[38;5;3m +1ms[39m
[32m[Nest] 473570  - [39m04/05/2026, 9:23:16 PM [32m    LOG[39m [38;5;3m[RouterExplorer] [39m[32mMapped {/api/accounts, GET} route[39m[38;5;3m +1ms[39m
[32m[Nest] 473570  - [39m04/05/2026, 9:23:16 PM [32m    LOG[39m [38;5;3m[RouterExplorer] [39m[32mMapped {/api/accounts/test, POST} route[39m[38;5;3m +0ms[39m
[32m[Nest] 473570  - [39m04/05/2026, 9:23:16 PM [32m    LOG[39m [38;5;3m[RouterExplorer] [39m[32mMapped {/api/accounts, POST} route[39m[38;5;3m +1ms[39m
[32m[Nest] 473570  - [39m04/05/2026, 9:23:16 PM [32m    LOG[39m [38;5;3m[RouterExplorer] [39m[32mMapped {/api/accounts/:id, DELETE} route[39m[38;5;3m +1ms[39m
[32m[Nest] 473570  - [39m04/05/2026, 9:23:16 PM [32m    LOG[39m [38;5;3m[RoutesResolver] [39m[32mEmailController {/api}:[39m[38;5;3m +0ms[39m
[32m[Nest] 473570  - [39m04/05/2026, 9:23:16 PM [32m    LOG[39m [38;5;3m[RouterExplorer] [39m[32mMapped {/api/folders, GET} route[39m[38;5;3m +2ms[39m
[32m[Nest] 473570  - [39m04/05/2026, 9:23:16 PM [32m    LOG[39m [38;5;3m[RouterExplorer] [39m[32mMapped {/api/folders/:folder/status, GET} route[39m[38;5;3m +0ms[39m
[32m[Nest] 473570  - [39m04/05/2026, 9:23:16 PM [32m    LOG[39m [38;5;3m[RouterExplorer] [39m[32mMapped {/api/folders, POST} route[39m[38;5;3m +0ms[39m
[32m[Nest] 473570  - [39m04/05/2026, 9:23:16 PM [32m    LOG[39m [38;5;3m[RouterExplorer] [39m[32mMapped {/api/folders/:folder, DELETE} route[39m[38;5;3m +2ms[39m
[32m[Nest] 473570  - [39m04/05/2026, 9:23:16 PM [32m    LOG[39m [38;5;3m[RouterExplorer] [39m[32mMapped {/api/emails/:folder, GET} route[39m[38;5;3m +0ms[39m
[32m[Nest] 473570  - [39m04/05/2026, 9:23:16 PM [32m    LOG[39m [38;5;3m[RouterExplorer] [39m[32mMapped {/api/email/:folder/:uid, GET} route[39m[38;5;3m +2ms[39m
[32m[Nest] 473570  - [39m04/05/2026, 9:23:16 PM [32m    LOG[39m [38;5;3m[RouterExplorer] [39m[32mMapped {/api/email/:folder/:uid/flag, POST} route[39m[38;5;3m +0ms[39m
[32m[Nest] 473570  - [39m04/05/2026, 9:23:16 PM [32m    LOG[39m [38;5;3m[RouterExplorer] [39m[32mMapped {/api/email/:folder/:uid/move, POST} route[39m[38;5;3m +0ms[39m
[32m[Nest] 473570  - [39m04/05/2026, 9:23:16 PM [32m    LOG[39m [38;5;3m[RouterExplorer] [39m[32mMapped {/api/email/:folder/:uid, DELETE} route[39m[38;5;3m +0ms[39m
[32m[Nest] 473570  - [39m04/05/2026, 9:23:16 PM [32m    LOG[39m [38;5;3m[RouterExplorer] [39m[32mMapped {/api/send, POST} route[39m[38;5;3m +1ms[39m
[32m[Nest] 473570  - [39m04/05/2026, 9:23:16 PM [32m    LOG[39m [38;5;3m[RoutesResolver] [39m[32mAuthController {/api/auth}:[39m[38;5;3m +0ms[39m
[32m[Nest] 473570  - [39m04/05/2026, 9:23:16 PM [32m    LOG[39m [38;5;3m[RouterExplorer] [39m[32mMapped {/api/auth/register, POST} route[39m[38;5;3m +0ms[39m
[32m[Nest] 473570  - [39m04/05/2026, 9:23:16 PM [32m    LOG[39m [38;5;3m[RouterExplorer] [39m[32mMapped {/api/auth/login, POST} route[39m[38;5;3m +1ms[39m
[32m[Nest] 473570  - [39m04/05/2026, 9:23:16 PM [32m    LOG[39m [38;5;3m[RouterExplorer] [39m[32mMapped {/api/auth/2fa/authenticate, POST} route[39m[38;5;3m +0ms[39m
[32m[Nest] 473570  - [39m04/05/2026, 9:23:16 PM [32m    LOG[39m [38;5;3m[RouterExplorer] [39m[32mMapped {/api/auth/2fa/generate, POST} route[39m[38;5;3m +0ms[39m
[32m[Nest] 473570  - [39m04/05/2026, 9:23:16 PM [32m    LOG[39m [38;5;3m[RouterExplorer] [39m[32mMapped {/api/auth/2fa/turn-on, POST} route[39m[38;5;3m +0ms[39m
[32m[Nest] 473570  - [39m04/05/2026, 9:23:16 PM [32m    LOG[39m [38;5;3m[RouterExplorer] [39m[32mMapped {/api/auth/profile, GET} route[39m[38;5;3m +0ms[39m
[32m[Nest] 473570  - [39m04/05/2026, 9:23:16 PM [32m    LOG[39m [38;5;3m[RouterExplorer] [39m[32mMapped {/api/auth/profile/settings, POST} route[39m[38;5;3m +1ms[39m
[32m[Nest] 473570  - [39m04/05/2026, 9:23:16 PM [32m    LOG[39m [38;5;3m[RouterExplorer] [39m[32mMapped {/api/auth/webauthn/register/generate-options, GET} route[39m[38;5;3m +0ms[39m
[32m[Nest] 473570  - [39m04/05/2026, 9:23:16 PM [32m    LOG[39m [38;5;3m[RouterExplorer] [39m[32mMapped {/api/auth/webauthn/register/verify, POST} route[39m[38;5;3m +0ms[39m
[32m[Nest] 473570  - [39m04/05/2026, 9:23:16 PM [32m    LOG[39m [38;5;3m[RouterExplorer] [39m[32mMapped {/api/auth/webauthn/login/generate-options, POST} route[39m[38;5;3m +0ms[39m
[32m[Nest] 473570  - [39m04/05/2026, 9:23:16 PM [32m    LOG[39m [38;5;3m[RouterExplorer] [39m[32mMapped {/api/auth/webauthn/login/verify, POST} route[39m[38;5;3m +0ms[39m
[32m[Nest] 473570  - [39m04/05/2026, 9:23:16 PM [32m    LOG[39m [38;5;3m[NestApplication] [39m[32mNest application successfully started[39m[38;5;3m +4ms[39m
[31m[Nest] 473570  - [39m04/05/2026, 9:23:16 PM [31m  ERROR[39m [38;5;3m[NestApplication] [39m[31mError: listen EADDRINUSE: address already in use :::3300[39m[38;5;3m +4ms[39m
node:net:1940
    const ex = new UVExceptionWithHostPort(err, 'listen', address, port);
               ^

Error: listen EADDRINUSE: address already in use :::3300
    at Server.setupListenHandle [as _listen2] (node:net:1940:16)
    at listenInCluster (node:net:1997:12)
    at Server.listen (node:net:2102:7)
    at ExpressAdapter.listen (/app/nest-backend/node_modules/@nestjs/platform-express/adapters/express-adapter.js:115:32)
    at /app/nest-backend/node_modules/@nestjs/core/nest-application.js:188:30
    at new Promise (<anonymous>)
    at NestApplication.listen (/app/nest-backend/node_modules/@nestjs/core/nest-application.js:178:16)
    at async bootstrap (/app/nest-backend/src/main.ts:10:3) {
  code: 'EADDRINUSE',
  errno: -98,
  syscall: 'listen',
  address: '::',
  port: 3300
}

Node.js v22.22.1
