
> nest-backend@0.0.1 start
> nest start

[32m[Nest] 4139901  - [39m04/03/2026, 11:49:54 AM [32m    LOG[39m [38;5;3m[NestFactory] [39m[32mStarting Nest application...[39m
[32m[Nest] 4139901  - [39m04/03/2026, 11:49:54 AM [32m    LOG[39m [38;5;3m[InstanceLoader] [39m[32mTypeOrmModule dependencies initialized[39m[38;5;3m +28ms[39m
[32m[Nest] 4139901  - [39m04/03/2026, 11:49:54 AM [32m    LOG[39m [38;5;3m[InstanceLoader] [39m[32mPassportModule dependencies initialized[39m[38;5;3m +1ms[39m
[32m[Nest] 4139901  - [39m04/03/2026, 11:49:54 AM [32m    LOG[39m [38;5;3m[InstanceLoader] [39m[32mJwtModule dependencies initialized[39m[38;5;3m +1ms[39m
[32m[Nest] 4139901  - [39m04/03/2026, 11:49:54 AM [32m    LOG[39m [38;5;3m[InstanceLoader] [39m[32mAppModule dependencies initialized[39m[38;5;3m +0ms[39m
[32m[Nest] 4139901  - [39m04/03/2026, 11:49:54 AM [32m    LOG[39m [38;5;3m[InstanceLoader] [39m[32mTypeOrmCoreModule dependencies initialized[39m[38;5;3m +38ms[39m
[32m[Nest] 4139901  - [39m04/03/2026, 11:49:54 AM [32m    LOG[39m [38;5;3m[InstanceLoader] [39m[32mTypeOrmModule dependencies initialized[39m[38;5;3m +0ms[39m
[32m[Nest] 4139901  - [39m04/03/2026, 11:49:54 AM [32m    LOG[39m [38;5;3m[InstanceLoader] [39m[32mTypeOrmModule dependencies initialized[39m[38;5;3m +0ms[39m
[32m[Nest] 4139901  - [39m04/03/2026, 11:49:54 AM [32m    LOG[39m [38;5;3m[InstanceLoader] [39m[32mUsersModule dependencies initialized[39m[38;5;3m +2ms[39m
[32m[Nest] 4139901  - [39m04/03/2026, 11:49:54 AM [32m    LOG[39m [38;5;3m[InstanceLoader] [39m[32mEmailModule dependencies initialized[39m[38;5;3m +1ms[39m
[32m[Nest] 4139901  - [39m04/03/2026, 11:49:54 AM [32m    LOG[39m [38;5;3m[InstanceLoader] [39m[32mAccountsModule dependencies initialized[39m[38;5;3m +1ms[39m
[32m[Nest] 4139901  - [39m04/03/2026, 11:49:54 AM [32m    LOG[39m [38;5;3m[InstanceLoader] [39m[32mAuthModule dependencies initialized[39m[38;5;3m +0ms[39m
[32m[Nest] 4139901  - [39m04/03/2026, 11:49:54 AM [32m    LOG[39m [38;5;3m[RoutesResolver] [39m[32mAppController {/}:[39m[38;5;3m +6ms[39m
[32m[Nest] 4139901  - [39m04/03/2026, 11:49:54 AM [32m    LOG[39m [38;5;3m[RouterExplorer] [39m[32mMapped {/, GET} route[39m[38;5;3m +4ms[39m
[32m[Nest] 4139901  - [39m04/03/2026, 11:49:54 AM [32m    LOG[39m [38;5;3m[RoutesResolver] [39m[32mAccountsController {/api/accounts}:[39m[38;5;3m +0ms[39m
[32m[Nest] 4139901  - [39m04/03/2026, 11:49:54 AM [32m    LOG[39m [38;5;3m[RouterExplorer] [39m[32mMapped {/api/accounts, GET} route[39m[38;5;3m +1ms[39m
[32m[Nest] 4139901  - [39m04/03/2026, 11:49:54 AM [32m    LOG[39m [38;5;3m[RouterExplorer] [39m[32mMapped {/api/accounts, POST} route[39m[38;5;3m +1ms[39m
[32m[Nest] 4139901  - [39m04/03/2026, 11:49:54 AM [32m    LOG[39m [38;5;3m[RouterExplorer] [39m[32mMapped {/api/accounts/:id, DELETE} route[39m[38;5;3m +1ms[39m
[32m[Nest] 4139901  - [39m04/03/2026, 11:49:54 AM [32m    LOG[39m [38;5;3m[RoutesResolver] [39m[32mEmailController {/api}:[39m[38;5;3m +0ms[39m
[32m[Nest] 4139901  - [39m04/03/2026, 11:49:54 AM [32m    LOG[39m [38;5;3m[RouterExplorer] [39m[32mMapped {/api/folders, GET} route[39m[38;5;3m +1ms[39m
[32m[Nest] 4139901  - [39m04/03/2026, 11:49:54 AM [32m    LOG[39m [38;5;3m[RouterExplorer] [39m[32mMapped {/api/folders/:folder/status, GET} route[39m[38;5;3m +0ms[39m
[32m[Nest] 4139901  - [39m04/03/2026, 11:49:54 AM [32m    LOG[39m [38;5;3m[RouterExplorer] [39m[32mMapped {/api/folders, POST} route[39m[38;5;3m +0ms[39m
[32m[Nest] 4139901  - [39m04/03/2026, 11:49:54 AM [32m    LOG[39m [38;5;3m[RouterExplorer] [39m[32mMapped {/api/folders/:folder, DELETE} route[39m[38;5;3m +1ms[39m
[32m[Nest] 4139901  - [39m04/03/2026, 11:49:54 AM [32m    LOG[39m [38;5;3m[RouterExplorer] [39m[32mMapped {/api/emails/:folder, GET} route[39m[38;5;3m +1ms[39m
[32m[Nest] 4139901  - [39m04/03/2026, 11:49:54 AM [32m    LOG[39m [38;5;3m[RouterExplorer] [39m[32mMapped {/api/email/:folder/:uid, GET} route[39m[38;5;3m +0ms[39m
[32m[Nest] 4139901  - [39m04/03/2026, 11:49:54 AM [32m    LOG[39m [38;5;3m[RouterExplorer] [39m[32mMapped {/api/email/:folder/:uid/flag, POST} route[39m[38;5;3m +1ms[39m
[32m[Nest] 4139901  - [39m04/03/2026, 11:49:54 AM [32m    LOG[39m [38;5;3m[RouterExplorer] [39m[32mMapped {/api/email/:folder/:uid/move, POST} route[39m[38;5;3m +0ms[39m
[32m[Nest] 4139901  - [39m04/03/2026, 11:49:54 AM [32m    LOG[39m [38;5;3m[RouterExplorer] [39m[32mMapped {/api/email/:folder/:uid, DELETE} route[39m[38;5;3m +0ms[39m
[32m[Nest] 4139901  - [39m04/03/2026, 11:49:54 AM [32m    LOG[39m [38;5;3m[RouterExplorer] [39m[32mMapped {/api/send, POST} route[39m[38;5;3m +1ms[39m
[32m[Nest] 4139901  - [39m04/03/2026, 11:49:54 AM [32m    LOG[39m [38;5;3m[RoutesResolver] [39m[32mAuthController {/api/auth}:[39m[38;5;3m +0ms[39m
[32m[Nest] 4139901  - [39m04/03/2026, 11:49:54 AM [32m    LOG[39m [38;5;3m[RouterExplorer] [39m[32mMapped {/api/auth/register, POST} route[39m[38;5;3m +0ms[39m
[32m[Nest] 4139901  - [39m04/03/2026, 11:49:54 AM [32m    LOG[39m [38;5;3m[RouterExplorer] [39m[32mMapped {/api/auth/login, POST} route[39m[38;5;3m +1ms[39m
[32m[Nest] 4139901  - [39m04/03/2026, 11:49:54 AM [32m    LOG[39m [38;5;3m[RouterExplorer] [39m[32mMapped {/api/auth/2fa/authenticate, POST} route[39m[38;5;3m +0ms[39m
[32m[Nest] 4139901  - [39m04/03/2026, 11:49:54 AM [32m    LOG[39m [38;5;3m[RouterExplorer] [39m[32mMapped {/api/auth/2fa/generate, POST} route[39m[38;5;3m +0ms[39m
[32m[Nest] 4139901  - [39m04/03/2026, 11:49:54 AM [32m    LOG[39m [38;5;3m[RouterExplorer] [39m[32mMapped {/api/auth/2fa/turn-on, POST} route[39m[38;5;3m +0ms[39m
[32m[Nest] 4139901  - [39m04/03/2026, 11:49:54 AM [32m    LOG[39m [38;5;3m[RouterExplorer] [39m[32mMapped {/api/auth/profile, GET} route[39m[38;5;3m +0ms[39m
[32m[Nest] 4139901  - [39m04/03/2026, 11:49:54 AM [32m    LOG[39m [38;5;3m[RouterExplorer] [39m[32mMapped {/api/auth/profile/settings, POST} route[39m[38;5;3m +1ms[39m
[32m[Nest] 4139901  - [39m04/03/2026, 11:49:54 AM [32m    LOG[39m [38;5;3m[RouterExplorer] [39m[32mMapped {/api/auth/webauthn/register/generate-options, GET} route[39m[38;5;3m +0ms[39m
[32m[Nest] 4139901  - [39m04/03/2026, 11:49:54 AM [32m    LOG[39m [38;5;3m[RouterExplorer] [39m[32mMapped {/api/auth/webauthn/register/verify, POST} route[39m[38;5;3m +0ms[39m
[32m[Nest] 4139901  - [39m04/03/2026, 11:49:54 AM [32m    LOG[39m [38;5;3m[RouterExplorer] [39m[32mMapped {/api/auth/webauthn/login/generate-options, POST} route[39m[38;5;3m +0ms[39m
[32m[Nest] 4139901  - [39m04/03/2026, 11:49:54 AM [32m    LOG[39m [38;5;3m[RouterExplorer] [39m[32mMapped {/api/auth/webauthn/login/verify, POST} route[39m[38;5;3m +0ms[39m
[32m[Nest] 4139901  - [39m04/03/2026, 11:49:54 AM [32m    LOG[39m [38;5;3m[NestApplication] [39m[32mNest application successfully started[39m[38;5;3m +4ms[39m
